Using pre-set license
Built from '2020.3/release' branch; Version is '2020.3.12f1 (b3b2c6512326) revision 11776710'; Using compiler version '192528614'; Build Type 'Release'
OS: 'Windows 10 Home; OS build 19042.1052; Version 2009; 64bit' Language: 'ja' Physical Memory: 16314 MB
BatchMode: 1, IsHumanControllingUs: 0, StartBugReporterOnCrash: 0, Is64bit: 1, IsPro: 0

 COMMAND LINE ARGUMENTS:
C:\Program Files\Unity\Hub\Editor\2020.3.12f1\Editor\Unity.exe
-adb2
-batchMode
-noUpm
-name
AssetImportWorker0
-projectPath
C:/Unity/verticalScrollingAction
-logFile
Logs/AssetImportWorker0.log
-srvPort
59395
Successfully changed project path to: C:/Unity/verticalScrollingAction
C:/Unity/verticalScrollingAction
Using Asset Import Pipeline V2.
Refreshing native plugins compatible for Editor in 38.75 ms, found 2 plugins.
Preloading 0 native plugins for Editor in 0.00 ms.
Initialize engine version: 2020.3.12f1 (b3b2c6512326)
[Subsystems] Discovering subsystems at path C:/Program Files/Unity/Hub/Editor/2020.3.12f1/Editor/Data/Resources/UnitySubsystems
[Subsystems] Discovering subsystems at path C:/Unity/verticalScrollingAction/Assets
GfxDevice: creating device client; threaded=0
Direct3D:
    Version:  Direct3D 11.0 [level 11.1]
    Renderer: Intel(R) HD Graphics 620 (ID=0x5916)
    Vendor:   
    VRAM:     8157 MB
    Driver:   27.20.100.9171
Initialize mono
Mono path[0] = 'C:/Program Files/Unity/Hub/Editor/2020.3.12f1/Editor/Data/Managed'
Mono path[1] = 'C:/Program Files/Unity/Hub/Editor/2020.3.12f1/Editor/Data/MonoBleedingEdge/lib/mono/unityjit'
Mono config path = 'C:/Program Files/Unity/Hub/Editor/2020.3.12f1/Editor/Data/MonoBleedingEdge/etc'
Using monoOptions --debugger-agent=transport=dt_socket,embedding=1,server=y,suspend=n,address=127.0.0.1:56112
Begin MonoManager ReloadAssembly
Registering precompiled unity dll's ...
Register platform support module: C:/Program Files/Unity/Hub/Editor/2020.3.12f1/Editor/Data/PlaybackEngines/WebGLSupport/UnityEditor.WebGL.Extensions.dll
Register platform support module: C:/Program Files/Unity/Hub/Editor/2020.3.12f1/Editor/Data/PlaybackEngines/WindowsStandaloneSupport/UnityEditor.WindowsStandalone.Extensions.dll
Registered in 0.004047 seconds.
Native extension for WindowsStandalone target not found
Native extension for WebGL target not found
Refreshing native plugins compatible for Editor in 33.18 ms, found 2 plugins.
Preloading 0 native plugins for Editor in 0.00 ms.
Mono: successfully reloaded assembly
- Completed reload, in  1.553 seconds
Platform modules already initialized, skipping
Registering precompiled user dll's ...
Registered in 0.009632 seconds.
Begin MonoManager ReloadAssembly
Native extension for WindowsStandalone target not found
Native extension for WebGL target not found
Refreshing native plugins compatible for Editor in 0.32 ms, found 2 plugins.
Preloading 0 native plugins for Editor in 0.00 ms.
Mono: successfully reloaded assembly
- Completed reload, in  1.635 seconds
Platform modules already initialized, skipping
========================================================================
Worker process is ready to serve import requests
Launched and connected shader compiler UnityShaderCompiler.exe after 0.11 seconds
Refreshing native plugins compatible for Editor in 0.31 ms, found 2 plugins.
Preloading 0 native plugins for Editor in 0.00 ms.
Unloading 1575 Unused Serialized files (Serialized files now loaded: 0)
System memory in use before: 73.6 MB.
System memory in use after: 73.7 MB.

Unloading 24 unused Assets to reduce memory usage. Loaded Objects now: 2012.
Total: 2.989500 ms (FindLiveObjects: 0.232900 ms CreateObjectMapping: 0.089300 ms MarkObjects: 2.560100 ms  DeleteObjects: 0.105500 ms)

AssetImportParameters requested are different than current active one (requested -> active):
  custom:framework-win-MediaFoundation: 216162199b28c13a410421893ffa2e32 -> 
  custom:video-decoder-ogg-theora: a1e56fd34408186e4bbccfd4996cb3dc -> 
  custom:container-muxer-webm: aa71ff27fc2769a1b78a27578f13a17b -> 
  custom:container-demuxer-webm: 4f35f7cbe854078d1ac9338744f61a02 -> 
  custom:container-demuxer-ogg: 62fdf1f143b41e24485cea50d1cbac27 -> 
  custom:video-encoder-webm-vp8: eb34c28f22e8b96e1ab97ce403110664 -> 
  custom:video-codec-MediaFoundation-h265: 746d11721c4dcdbdad8f713fa42b33f4 -> 
  custom:video-decoder-webm-vp8: 9c59270c3fd7afecdb556c50c9e8de78 -> 
  custom:audio-decoder-ogg-vorbis: bf7c407c2cedff20999df2af8eb42d56 -> 
  custom:audio-encoder-webm-vorbis: bf7c407c2cedff20999df2af8eb42d56 -> 
========================================================================
Received Import Request.
  path: Assets/Texture/hito_stand.png
  artifactKey: Guid(46292c0793f34224ab1050a0c38c0a67) Importer(815301076,1909f56bfc062723c751e8b465ee728b)
Start importing Assets/Texture/hito_stand.png using Guid(46292c0793f34224ab1050a0c38c0a67) Importer(815301076,1909f56bfc062723c751e8b465ee728b)  -> (artifact id: '3495cb17ecdb6de24289151755f0cbcb') in 0.159828 seconds 
  Import took 0.564905 seconds .

========================================================================
Received Import Request.
  Time since last request: 1061.504961 seconds.
  path: Assets/Animation/player_animator.controller
  artifactKey: Guid(708985d17104b49409166d5443fe1545) Importer(815301076,1909f56bfc062723c751e8b465ee728b)
Start importing Assets/Animation/player_animator.controller using Guid(708985d17104b49409166d5443fe1545) Importer(815301076,1909f56bfc062723c751e8b465ee728b)  -> (artifact id: 'd358223eb4b04db684fb34214ef27fdb') in 0.022130 seconds 
  Import took 0.041454 seconds .

========================================================================
Received Import Request.
  Time since last request: 164.852775 seconds.
  path: Assets/Animation/player_ jump_down.anim
  artifactKey: Guid(ac7b3d12b03193546987087972f33b61) Importer(815301076,1909f56bfc062723c751e8b465ee728b)
Start importing Assets/Animation/player_ jump_down.anim using Guid(ac7b3d12b03193546987087972f33b61) Importer(815301076,1909f56bfc062723c751e8b465ee728b)  -> (artifact id: 'bb8f80692bfbcf3cf4f6c89d0c3cd9ad') in 0.009918 seconds 
  Import took 0.022839 seconds .

========================================================================
Received Import Request.
  Time since last request: 1.404954 seconds.
  path: Assets/Animation/hito_succes.anim
  artifactKey: Guid(36a08c6c0e169f24fb7ebae832e57ac8) Importer(815301076,1909f56bfc062723c751e8b465ee728b)
Start importing Assets/Animation/hito_succes.anim using Guid(36a08c6c0e169f24fb7ebae832e57ac8) Importer(815301076,1909f56bfc062723c751e8b465ee728b)  -> (artifact id: '99f30acaf6ac3e08682ac31008f5bd35') in 0.008052 seconds 
  Import took 0.059338 seconds .

========================================================================
Received Import Request.
  Time since last request: 48.286188 seconds.
  path: Assets/Texture/hito_jumpup.png
  artifactKey: Guid(1a0ce8dac8d9f544f97bc38c10095254) Importer(815301076,1909f56bfc062723c751e8b465ee728b)
Start importing Assets/Texture/hito_jumpup.png using Guid(1a0ce8dac8d9f544f97bc38c10095254) Importer(815301076,1909f56bfc062723c751e8b465ee728b)  -> (artifact id: 'fe7997725506c09bbeb1feeb14588fda') in 0.031319 seconds 
  Import took 0.036823 seconds .

========================================================================
Received Import Request.
  Time since last request: 44.608299 seconds.
  path: Assets/Texture/hito_run_3.png
  artifactKey: Guid(e41a3fd9eb616e94b9e36c10801c3394) Importer(815301076,1909f56bfc062723c751e8b465ee728b)
Start importing Assets/Texture/hito_run_3.png using Guid(e41a3fd9eb616e94b9e36c10801c3394) Importer(815301076,1909f56bfc062723c751e8b465ee728b)  -> (artifact id: '7c4d6d38f5b9c367f50561358638b1f9') in 0.022301 seconds 
  Import took 0.025817 seconds .

========================================================================
Received Prepare
Registering precompiled user dll's ...
Registered in 0.010603 seconds.
Begin MonoManager ReloadAssembly
Native extension for WindowsStandalone target not found
Native extension for WebGL target not found
Refreshing native plugins compatible for Editor in 0.34 ms, found 2 plugins.
Preloading 0 native plugins for Editor in 0.00 ms.
Mono: successfully reloaded assembly
- Completed reload, in  1.115 seconds
Platform modules already initialized, skipping
Refreshing native plugins compatible for Editor in 0.31 ms, found 2 plugins.
Preloading 0 native plugins for Editor in 0.00 ms.
Unloading 1568 Unused Serialized files (Serialized files now loaded: 0)
System memory in use before: 76.5 MB.
System memory in use after: 76.6 MB.

Unloading 15 unused Assets to reduce memory usage. Loaded Objects now: 2021.
Total: 2.237400 ms (FindLiveObjects: 0.153100 ms CreateObjectMapping: 0.054900 ms MarkObjects: 1.974500 ms  DeleteObjects: 0.053600 ms)

AssetImportParameters requested are different than current active one (requested -> active):
  custom:framework-win-MediaFoundation: 216162199b28c13a410421893ffa2e32 -> 
  custom:video-decoder-ogg-theora: a1e56fd34408186e4bbccfd4996cb3dc -> 
  custom:container-muxer-webm: aa71ff27fc2769a1b78a27578f13a17b -> 
  custom:container-demuxer-webm: 4f35f7cbe854078d1ac9338744f61a02 -> 
  custom:container-demuxer-ogg: 62fdf1f143b41e24485cea50d1cbac27 -> 
  custom:video-encoder-webm-vp8: eb34c28f22e8b96e1ab97ce403110664 -> 
  custom:video-codec-MediaFoundation-h265: 746d11721c4dcdbdad8f713fa42b33f4 -> 
  custom:video-decoder-webm-vp8: 9c59270c3fd7afecdb556c50c9e8de78 -> 
  custom:audio-decoder-ogg-vorbis: bf7c407c2cedff20999df2af8eb42d56 -> 
  custom:audio-encoder-webm-vorbis: bf7c407c2cedff20999df2af8eb42d56 -> 
========================================================================
Received Import Request.
  Time since last request: 85.873067 seconds.
  path: Assets/Texture/hito_stand.png
  artifactKey: Guid(46292c0793f34224ab1050a0c38c0a67) Importer(815301076,1909f56bfc062723c751e8b465ee728b)
Start importing Assets/Texture/hito_stand.png using Guid(46292c0793f34224ab1050a0c38c0a67) Importer(815301076,1909f56bfc062723c751e8b465ee728b)  -> (artifact id: '6c1198e18fb2f06dec5a88fa4dbc7039') in 0.087350 seconds 
  Import took 0.100391 seconds .

========================================================================
Received Import Request.
  Time since last request: 7.732324 seconds.
  path: Assets/Texture/hito_stand.png
  artifactKey: Guid(46292c0793f34224ab1050a0c38c0a67) Importer(815301076,1909f56bfc062723c751e8b465ee728b)
Start importing Assets/Texture/hito_stand.png using Guid(46292c0793f34224ab1050a0c38c0a67) Importer(815301076,1909f56bfc062723c751e8b465ee728b)  -> (artifact id: 'ba8e1fbc0b19d22625ab47ded71f8758') in 0.023880 seconds 
  Import took 0.041382 seconds .

========================================================================
Received Import Request.
  Time since last request: 9.049169 seconds.
  path: Assets/Texture/hito_stand.png
  artifactKey: Guid(46292c0793f34224ab1050a0c38c0a67) Importer(815301076,1909f56bfc062723c751e8b465ee728b)
Start importing Assets/Texture/hito_stand.png using Guid(46292c0793f34224ab1050a0c38c0a67) Importer(815301076,1909f56bfc062723c751e8b465ee728b)  -> (artifact id: '3b204486150588b8801ddee31be96901') in 0.029990 seconds 
  Import took 0.033609 seconds .

========================================================================
Received Import Request.
  Time since last request: 7.876071 seconds.
  path: Assets/Texture/hito_stand.png
  artifactKey: Guid(46292c0793f34224ab1050a0c38c0a67) Importer(815301076,1909f56bfc062723c751e8b465ee728b)
Start importing Assets/Texture/hito_stand.png using Guid(46292c0793f34224ab1050a0c38c0a67) Importer(815301076,1909f56bfc062723c751e8b465ee728b)  -> (artifact id: '790177ceea5d99cd8cc5d098062d9289') in 0.022298 seconds 
  Import took 0.026060 seconds .

========================================================================
Received Import Request.
  Time since last request: 36.295776 seconds.
  path: Assets/Texture/hito_stand.png
  artifactKey: Guid(46292c0793f34224ab1050a0c38c0a67) Importer(815301076,1909f56bfc062723c751e8b465ee728b)
Start importing Assets/Texture/hito_stand.png using Guid(46292c0793f34224ab1050a0c38c0a67) Importer(815301076,1909f56bfc062723c751e8b465ee728b)  -> (artifact id: 'a3142051c0da2f0762643280139c5a0a') in 0.025612 seconds 
  Import took 0.028973 seconds .

========================================================================
Received Import Request.
  Time since last request: 35.774666 seconds.
  path: Assets/Texture/hito_succes.png
  artifactKey: Guid(ac002873f6b572144822de45e7a742dd) Importer(815301076,1909f56bfc062723c751e8b465ee728b)
Start importing Assets/Texture/hito_succes.png using Guid(ac002873f6b572144822de45e7a742dd) Importer(815301076,1909f56bfc062723c751e8b465ee728b)  -> (artifact id: 'de6a4d4b2b4cda76aec90ca6140cc0c6') in 0.023590 seconds 
  Import took 0.027032 seconds .

========================================================================
Received Import Request.
  Time since last request: 13.316593 seconds.
  path: Assets/Texture/hito_succes.png
  artifactKey: Guid(ac002873f6b572144822de45e7a742dd) Importer(815301076,1909f56bfc062723c751e8b465ee728b)
Start importing Assets/Texture/hito_succes.png using Guid(ac002873f6b572144822de45e7a742dd) Importer(815301076,1909f56bfc062723c751e8b465ee728b)  -> (artifact id: '19043c7474c56b6267edd717650b6b6d') in 0.021404 seconds 
  Import took 0.025123 seconds .

========================================================================
Received Import Request.
  Time since last request: 4.724538 seconds.
  path: Assets/Texture/hito_run_2.png
  artifactKey: Guid(cdfd9c056df1e114a9b32d4c0742b318) Importer(815301076,1909f56bfc062723c751e8b465ee728b)
Start importing Assets/Texture/hito_run_2.png using Guid(cdfd9c056df1e114a9b32d4c0742b318) Importer(815301076,1909f56bfc062723c751e8b465ee728b)  -> (artifact id: '8b9ae26ce4026e46fc6f7454195d05a9') in 0.026923 seconds 
  Import took 0.053622 seconds .

========================================================================
Received Import Request.
  Time since last request: 0.421673 seconds.
  path: Assets/Texture/hito_jumpdown.png
  artifactKey: Guid(77460042a4380a74d94c30c739b46e37) Importer(815301076,1909f56bfc062723c751e8b465ee728b)
Start importing Assets/Texture/hito_jumpdown.png using Guid(77460042a4380a74d94c30c739b46e37) Importer(815301076,1909f56bfc062723c751e8b465ee728b)  -> (artifact id: 'c6e164b57152f53ebeb8f4657c6da4c6') in 0.025670 seconds 
  Import took 0.057236 seconds .

========================================================================
Received Import Request.
  Time since last request: 0.068899 seconds.
  path: Assets/Texture/hito_down_3.png
  artifactKey: Guid(cbebb5ee282cf0f4980a23887479826d) Importer(815301076,1909f56bfc062723c751e8b465ee728b)
Start importing Assets/Texture/hito_down_3.png using Guid(cbebb5ee282cf0f4980a23887479826d) Importer(815301076,1909f56bfc062723c751e8b465ee728b)  -> (artifact id: 'ea49d62feb0d1b06a778f80ab725ddad') in 0.019880 seconds 
  Import took 0.023376 seconds .

========================================================================
Received Import Request.
  Time since last request: 0.158312 seconds.
  path: Assets/Texture/hito_down_2.png
  artifactKey: Guid(991f97fd29acd184a8cb1e663c261767) Importer(815301076,1909f56bfc062723c751e8b465ee728b)
Start importing Assets/Texture/hito_down_2.png using Guid(991f97fd29acd184a8cb1e663c261767) Importer(815301076,1909f56bfc062723c751e8b465ee728b)  -> (artifact id: '15cd49c893d0c9c5d9848f3020f64067') in 0.024702 seconds 
  Import took 0.051362 seconds .

========================================================================
Received Import Request.
  Time since last request: 14.457802 seconds.
  path: Assets/Texture/hito_down_1.png
  artifactKey: Guid(c38b7a48114e2d74188dfad14311e199) Importer(815301076,1909f56bfc062723c751e8b465ee728b)
Start importing Assets/Texture/hito_down_1.png using Guid(c38b7a48114e2d74188dfad14311e199) Importer(815301076,1909f56bfc062723c751e8b465ee728b)  -> (artifact id: 'eb337eaec418c1f7c011e587c0bbae95') in 0.019382 seconds 
  Import took 0.023374 seconds .

========================================================================
Received Import Request.
  Time since last request: 136.400644 seconds.
  path: Assets/Texture/hito_run_3.png
  artifactKey: Guid(e41a3fd9eb616e94b9e36c10801c3394) Importer(815301076,1909f56bfc062723c751e8b465ee728b)
Start importing Assets/Texture/hito_run_3.png using Guid(e41a3fd9eb616e94b9e36c10801c3394) Importer(815301076,1909f56bfc062723c751e8b465ee728b)  -> (artifact id: '8addd28572b8ff78be3df250ffa91359') in 0.022452 seconds 
  Import took 0.025677 seconds .

========================================================================
Received Import Request.
  Time since last request: 1.115068 seconds.
  path: Assets/Texture/hito_run_1.png
  artifactKey: Guid(41736eb0bfd41ce4fae304170edce51a) Importer(815301076,1909f56bfc062723c751e8b465ee728b)
Start importing Assets/Texture/hito_run_1.png using Guid(41736eb0bfd41ce4fae304170edce51a) Importer(815301076,1909f56bfc062723c751e8b465ee728b)  -> (artifact id: '9e6b98fdb86bb8eb5255042427289caf') in 0.019540 seconds 
  Import took 0.024026 seconds .

========================================================================
Received Import Request.
  Time since last request: 7.805372 seconds.
  path: Assets/Texture/hito_run_2.png
  artifactKey: Guid(cdfd9c056df1e114a9b32d4c0742b318) Importer(815301076,1909f56bfc062723c751e8b465ee728b)
Start importing Assets/Texture/hito_run_2.png using Guid(cdfd9c056df1e114a9b32d4c0742b318) Importer(815301076,1909f56bfc062723c751e8b465ee728b)  -> (artifact id: '05fd2a9f568b4ecc0b6d3ec970dae1e4') in 0.023312 seconds 
  Import took 0.050454 seconds .

========================================================================
Received Import Request.
  Time since last request: 1.606138 seconds.
  path: Assets/Texture/hito_jumpup.png
  artifactKey: Guid(1a0ce8dac8d9f544f97bc38c10095254) Importer(815301076,1909f56bfc062723c751e8b465ee728b)
Start importing Assets/Texture/hito_jumpup.png using Guid(1a0ce8dac8d9f544f97bc38c10095254) Importer(815301076,1909f56bfc062723c751e8b465ee728b)  -> (artifact id: 'f0723510375fcb9a8918c7bde88a93ca') in 0.022417 seconds 
  Import took 0.026487 seconds .

========================================================================
Received Prepare
Registering precompiled user dll's ...
Registered in 0.008898 seconds.
Begin MonoManager ReloadAssembly
Native extension for WindowsStandalone target not found
Native extension for WebGL target not found
Refreshing native plugins compatible for Editor in 0.73 ms, found 2 plugins.
Preloading 0 native plugins for Editor in 0.00 ms.
Mono: successfully reloaded assembly
- Completed reload, in  1.134 seconds
Platform modules already initialized, skipping
Refreshing native plugins compatible for Editor in 0.35 ms, found 2 plugins.
Preloading 0 native plugins for Editor in 0.00 ms.
Unloading 1568 Unused Serialized files (Serialized files now loaded: 0)
System memory in use before: 76.6 MB.
System memory in use after: 76.7 MB.

Unloading 15 unused Assets to reduce memory usage. Loaded Objects now: 2025.
Total: 2.820900 ms (FindLiveObjects: 0.164600 ms CreateObjectMapping: 0.051100 ms MarkObjects: 2.546000 ms  DeleteObjects: 0.057900 ms)

AssetImportParameters requested are different than current active one (requested -> active):
  custom:framework-win-MediaFoundation: 216162199b28c13a410421893ffa2e32 -> 
  custom:video-decoder-ogg-theora: a1e56fd34408186e4bbccfd4996cb3dc -> 
  custom:container-muxer-webm: aa71ff27fc2769a1b78a27578f13a17b -> 
  custom:container-demuxer-webm: 4f35f7cbe854078d1ac9338744f61a02 -> 
  custom:container-demuxer-ogg: 62fdf1f143b41e24485cea50d1cbac27 -> 
  custom:video-encoder-webm-vp8: eb34c28f22e8b96e1ab97ce403110664 -> 
  custom:video-codec-MediaFoundation-h265: 746d11721c4dcdbdad8f713fa42b33f4 -> 
  custom:video-decoder-webm-vp8: 9c59270c3fd7afecdb556c50c9e8de78 -> 
  custom:audio-decoder-ogg-vorbis: bf7c407c2cedff20999df2af8eb42d56 -> 
  custom:audio-encoder-webm-vorbis: bf7c407c2cedff20999df2af8eb42d56 -> 
========================================================================
Received Prepare
Registering precompiled user dll's ...
Registered in 0.014404 seconds.
Begin MonoManager ReloadAssembly
Native extension for WindowsStandalone target not found
Native extension for WebGL target not found
Refreshing native plugins compatible for Editor in 0.37 ms, found 2 plugins.
Preloading 0 native plugins for Editor in 0.00 ms.
Mono: successfully reloaded assembly
- Completed reload, in  1.118 seconds
Platform modules already initialized, skipping
Refreshing native plugins compatible for Editor in 0.31 ms, found 2 plugins.
Preloading 0 native plugins for Editor in 0.00 ms.
Unloading 1568 Unused Serialized files (Serialized files now loaded: 0)
System memory in use before: 76.6 MB.
System memory in use after: 76.7 MB.

Unloading 15 unused Assets to reduce memory usage. Loaded Objects now: 2028.
Total: 2.144000 ms (FindLiveObjects: 0.155700 ms CreateObjectMapping: 0.059700 ms MarkObjects: 1.864500 ms  DeleteObjects: 0.063100 ms)

AssetImportParameters requested are different than current active one (requested -> active):
  custom:framework-win-MediaFoundation: 216162199b28c13a410421893ffa2e32 -> 
  custom:video-decoder-ogg-theora: a1e56fd34408186e4bbccfd4996cb3dc -> 
  custom:container-muxer-webm: aa71ff27fc2769a1b78a27578f13a17b -> 
  custom:container-demuxer-webm: 4f35f7cbe854078d1ac9338744f61a02 -> 
  custom:container-demuxer-ogg: 62fdf1f143b41e24485cea50d1cbac27 -> 
  custom:video-encoder-webm-vp8: eb34c28f22e8b96e1ab97ce403110664 -> 
  custom:video-codec-MediaFoundation-h265: 746d11721c4dcdbdad8f713fa42b33f4 -> 
  custom:video-decoder-webm-vp8: 9c59270c3fd7afecdb556c50c9e8de78 -> 
  custom:audio-decoder-ogg-vorbis: bf7c407c2cedff20999df2af8eb42d56 -> 
  custom:audio-encoder-webm-vorbis: bf7c407c2cedff20999df2af8eb42d56 -> 
========================================================================
Received Import Request.
  Time since last request: 1046.122254 seconds.
  path: Assets/Animation/hito_stand.anim
  artifactKey: Guid(3c46abd7275f67644972300894c68b16) Importer(815301076,1909f56bfc062723c751e8b465ee728b)
Start importing Assets/Animation/hito_stand.anim using Guid(3c46abd7275f67644972300894c68b16) Importer(815301076,1909f56bfc062723c751e8b465ee728b)  -> (artifact id: '00fddfc0bbda3d9bfc65725ab5ed6d54') in 0.026661 seconds 
  Import took 0.030499 seconds .

========================================================================
Received Import Request.
  Time since last request: 221.962203 seconds.
  path: Assets/Texture/hito_down_3.png
  artifactKey: Guid(cbebb5ee282cf0f4980a23887479826d) Importer(815301076,1909f56bfc062723c751e8b465ee728b)
Start importing Assets/Texture/hito_down_3.png using Guid(cbebb5ee282cf0f4980a23887479826d) Importer(815301076,1909f56bfc062723c751e8b465ee728b)  -> (artifact id: 'eea96a1a0e3ae6565707470aa7bc6ad8') in 0.067495 seconds 
  Import took 0.070565 seconds .

========================================================================
Received Import Request.
  Time since last request: 7.414208 seconds.
  path: Assets/Animation/hito_jumpup.anim
  artifactKey: Guid(4f35299ce3eb27542b5aba70eefbe048) Importer(815301076,1909f56bfc062723c751e8b465ee728b)
Start importing Assets/Animation/hito_jumpup.anim using Guid(4f35299ce3eb27542b5aba70eefbe048) Importer(815301076,1909f56bfc062723c751e8b465ee728b)  -> (artifact id: '721b25cb41467091e9003849bf875485') in 0.005965 seconds 
  Import took 0.066494 seconds .

========================================================================
Received Prepare
Registering precompiled user dll's ...
Registered in 0.010402 seconds.
Begin MonoManager ReloadAssembly
Native extension for WindowsStandalone target not found
Native extension for WebGL target not found
Refreshing native plugins compatible for Editor in 0.35 ms, found 2 plugins.
Preloading 0 native plugins for Editor in 0.00 ms.
Mono: successfully reloaded assembly
- Completed reload, in  1.119 seconds
Platform modules already initialized, skipping
Refreshing native plugins compatible for Editor in 0.33 ms, found 2 plugins.
Preloading 0 native plugins for Editor in 0.00 ms.
Unloading 1568 Unused Serialized files (Serialized files now loaded: 0)
System memory in use before: 76.6 MB.
System memory in use after: 76.7 MB.

Unloading 15 unused Assets to reduce memory usage. Loaded Objects now: 2032.
Total: 2.260800 ms (FindLiveObjects: 0.165600 ms CreateObjectMapping: 0.050000 ms MarkObjects: 1.990300 ms  DeleteObjects: 0.054000 ms)

AssetImportParameters requested are different than current active one (requested -> active):
  custom:framework-win-MediaFoundation: 216162199b28c13a410421893ffa2e32 -> 
  custom:video-decoder-ogg-theora: a1e56fd34408186e4bbccfd4996cb3dc -> 
  custom:container-muxer-webm: aa71ff27fc2769a1b78a27578f13a17b -> 
  custom:container-demuxer-webm: 4f35f7cbe854078d1ac9338744f61a02 -> 
  custom:container-demuxer-ogg: 62fdf1f143b41e24485cea50d1cbac27 -> 
  custom:video-encoder-webm-vp8: eb34c28f22e8b96e1ab97ce403110664 -> 
  custom:video-codec-MediaFoundation-h265: 746d11721c4dcdbdad8f713fa42b33f4 -> 
  custom:video-decoder-webm-vp8: 9c59270c3fd7afecdb556c50c9e8de78 -> 
  custom:audio-decoder-ogg-vorbis: bf7c407c2cedff20999df2af8eb42d56 -> 
  custom:audio-encoder-webm-vorbis: bf7c407c2cedff20999df2af8eb42d56 -> 
========================================================================
Received Import Request.
  Time since last request: 277.678798 seconds.
  path: Assets/Texture/hito_stand.png
  artifactKey: Guid(46292c0793f34224ab1050a0c38c0a67) Importer(815301076,1909f56bfc062723c751e8b465ee728b)
Start importing Assets/Texture/hito_stand.png using Guid(46292c0793f34224ab1050a0c38c0a67) Importer(815301076,1909f56bfc062723c751e8b465ee728b)  -> (artifact id: '0babc8aaed92a37474c1e05db03a2733') in 0.059241 seconds 
  Import took 0.061907 seconds .

========================================================================
Received Prepare
Registering precompiled user dll's ...
Registered in 0.014466 seconds.
Begin MonoManager ReloadAssembly
Native extension for WindowsStandalone target not found
Native extension for WebGL target not found
Refreshing native plugins compatible for Editor in 0.61 ms, found 2 plugins.
Preloading 0 native plugins for Editor in 0.00 ms.
Mono: successfully reloaded assembly
- Completed reload, in  1.230 seconds
Platform modules already initialized, skipping
Refreshing native plugins compatible for Editor in 0.52 ms, found 2 plugins.
Preloading 0 native plugins for Editor in 0.00 ms.
Unloading 1568 Unused Serialized files (Serialized files now loaded: 0)
System memory in use before: 76.6 MB.
System memory in use after: 76.7 MB.

Unloading 15 unused Assets to reduce memory usage. Loaded Objects now: 2036.
Total: 3.039400 ms (FindLiveObjects: 0.156700 ms CreateObjectMapping: 0.071800 ms MarkObjects: 2.752100 ms  DeleteObjects: 0.057200 ms)

AssetImportParameters requested are different than current active one (requested -> active):
  custom:framework-win-MediaFoundation: 216162199b28c13a410421893ffa2e32 -> 
  custom:video-decoder-ogg-theora: a1e56fd34408186e4bbccfd4996cb3dc -> 
  custom:container-muxer-webm: aa71ff27fc2769a1b78a27578f13a17b -> 
  custom:container-demuxer-webm: 4f35f7cbe854078d1ac9338744f61a02 -> 
  custom:container-demuxer-ogg: 62fdf1f143b41e24485cea50d1cbac27 -> 
  custom:video-encoder-webm-vp8: eb34c28f22e8b96e1ab97ce403110664 -> 
  custom:video-codec-MediaFoundation-h265: 746d11721c4dcdbdad8f713fa42b33f4 -> 
  custom:video-decoder-webm-vp8: 9c59270c3fd7afecdb556c50c9e8de78 -> 
  custom:audio-decoder-ogg-vorbis: bf7c407c2cedff20999df2af8eb42d56 -> 
  custom:audio-encoder-webm-vorbis: bf7c407c2cedff20999df2af8eb42d56 -> 
========================================================================
Received Import Request.
  Time since last request: 63.183553 seconds.
  path: Assets/Animation/hito_jumpdown.anim
  artifactKey: Guid(25bacb06831245147b0f57f938b9ec19) Importer(815301076,1909f56bfc062723c751e8b465ee728b)
Start importing Assets/Animation/hito_jumpdown.anim using Guid(25bacb06831245147b0f57f938b9ec19) Importer(815301076,1909f56bfc062723c751e8b465ee728b)  -> (artifact id: 'bfdca1fb94f0dbb5f819f5ec3e149a73') in 0.014128 seconds 
  Import took 0.017329 seconds .

========================================================================
Received Import Request.
  Time since last request: 66.611486 seconds.
  path: Assets/Texture/hito_down_2.png
  artifactKey: Guid(991f97fd29acd184a8cb1e663c261767) Importer(815301076,1909f56bfc062723c751e8b465ee728b)
Start importing Assets/Texture/hito_down_2.png using Guid(991f97fd29acd184a8cb1e663c261767) Importer(815301076,1909f56bfc062723c751e8b465ee728b)  -> (artifact id: 'f55440b7e2b1100efa04e4c90a2b3a0d') in 0.116914 seconds 
  Import took 0.123174 seconds .

========================================================================
Received Import Request.
  Time since last request: 0.002782 seconds.
  path: Assets/Texture/hito_down_2.png
  artifactKey: Guid(991f97fd29acd184a8cb1e663c261767) Importer(815301076,1909f56bfc062723c751e8b465ee728b)
Start importing Assets/Texture/hito_down_2.png using Guid(991f97fd29acd184a8cb1e663c261767) Importer(815301076,1909f56bfc062723c751e8b465ee728b)  -> (artifact id: 'f55440b7e2b1100efa04e4c90a2b3a0d') in 0.019701 seconds 
  Import took 0.022960 seconds .

========================================================================
Received Prepare
Registering precompiled user dll's ...
Registered in 0.013930 seconds.
Begin MonoManager ReloadAssembly
Native extension for WindowsStandalone target not found
Native extension for WebGL target not found
Refreshing native plugins compatible for Editor in 0.63 ms, found 2 plugins.
Preloading 0 native plugins for Editor in 0.00 ms.
Mono: successfully reloaded assembly
- Completed reload, in  2.490 seconds
Platform modules already initialized, skipping
Refreshing native plugins compatible for Editor in 0.63 ms, found 2 plugins.
Preloading 0 native plugins for Editor in 0.00 ms.
Unloading 1568 Unused Serialized files (Serialized files now loaded: 0)
System memory in use before: 76.6 MB.
System memory in use after: 76.7 MB.

Unloading 15 unused Assets to reduce memory usage. Loaded Objects now: 2040.
Total: 6.276800 ms (FindLiveObjects: 0.357400 ms CreateObjectMapping: 0.116300 ms MarkObjects: 5.656700 ms  DeleteObjects: 0.143400 ms)

AssetImportParameters requested are different than current active one (requested -> active):
  custom:framework-win-MediaFoundation: 216162199b28c13a410421893ffa2e32 -> 
  custom:video-decoder-ogg-theora: a1e56fd34408186e4bbccfd4996cb3dc -> 
  custom:container-muxer-webm: aa71ff27fc2769a1b78a27578f13a17b -> 
  custom:container-demuxer-webm: 4f35f7cbe854078d1ac9338744f61a02 -> 
  custom:container-demuxer-ogg: 62fdf1f143b41e24485cea50d1cbac27 -> 
  custom:video-encoder-webm-vp8: eb34c28f22e8b96e1ab97ce403110664 -> 
  custom:video-codec-MediaFoundation-h265: 746d11721c4dcdbdad8f713fa42b33f4 -> 
  custom:video-decoder-webm-vp8: 9c59270c3fd7afecdb556c50c9e8de78 -> 
  custom:audio-decoder-ogg-vorbis: bf7c407c2cedff20999df2af8eb42d56 -> 
  custom:audio-encoder-webm-vorbis: bf7c407c2cedff20999df2af8eb42d56 -> 
========================================================================
Received Prepare
Registering precompiled user dll's ...
Registered in 0.010761 seconds.
Begin MonoManager ReloadAssembly
Native extension for WindowsStandalone target not found
Native extension for WebGL target not found
Refreshing native plugins compatible for Editor in 0.50 ms, found 2 plugins.
Preloading 0 native plugins for Editor in 0.00 ms.
Mono: successfully reloaded assembly
- Completed reload, in  2.273 seconds
Platform modules already initialized, skipping
Refreshing native plugins compatible for Editor in 0.50 ms, found 2 plugins.
Preloading 0 native plugins for Editor in 0.00 ms.
Unloading 1568 Unused Serialized files (Serialized files now loaded: 0)
System memory in use before: 76.6 MB.
System memory in use after: 76.7 MB.

Unloading 15 unused Assets to reduce memory usage. Loaded Objects now: 2043.
Total: 3.447500 ms (FindLiveObjects: 0.285000 ms CreateObjectMapping: 0.109800 ms MarkObjects: 2.978700 ms  DeleteObjects: 0.072200 ms)

AssetImportParameters requested are different than current active one (requested -> active):
  custom:framework-win-MediaFoundation: 216162199b28c13a410421893ffa2e32 -> 
  custom:video-decoder-ogg-theora: a1e56fd34408186e4bbccfd4996cb3dc -> 
  custom:container-muxer-webm: aa71ff27fc2769a1b78a27578f13a17b -> 
  custom:container-demuxer-webm: 4f35f7cbe854078d1ac9338744f61a02 -> 
  custom:container-demuxer-ogg: 62fdf1f143b41e24485cea50d1cbac27 -> 
  custom:video-encoder-webm-vp8: eb34c28f22e8b96e1ab97ce403110664 -> 
  custom:video-codec-MediaFoundation-h265: 746d11721c4dcdbdad8f713fa42b33f4 -> 
  custom:video-decoder-webm-vp8: 9c59270c3fd7afecdb556c50c9e8de78 -> 
  custom:audio-decoder-ogg-vorbis: bf7c407c2cedff20999df2af8eb42d56 -> 
  custom:audio-encoder-webm-vorbis: bf7c407c2cedff20999df2af8eb42d56 -> 
========================================================================
Received Import Request.
  Time since last request: 2192.363443 seconds.
  path: Assets/Animation/hito_animator.controller
  artifactKey: Guid(984a95aa8944a864590510ae99751208) Importer(815301076,1909f56bfc062723c751e8b465ee728b)
Start importing Assets/Animation/hito_animator.controller using Guid(984a95aa8944a864590510ae99751208) Importer(815301076,1909f56bfc062723c751e8b465ee728b)  -> (artifact id: '2412940e91d7313632f86fa4c2a35a9e') in 0.019026 seconds 
  Import took 0.022338 seconds .

========================================================================
Received Prepare
Registering precompiled user dll's ...
Registered in 0.007195 seconds.
Begin MonoManager ReloadAssembly
Native extension for WindowsStandalone target not found
Native extension for WebGL target not found
Refreshing native plugins compatible for Editor in 0.32 ms, found 2 plugins.
Preloading 0 native plugins for Editor in 0.00 ms.
Mono: successfully reloaded assembly
- Completed reload, in  1.140 seconds
Platform modules already initialized, skipping
Refreshing native plugins compatible for Editor in 0.31 ms, found 2 plugins.
Preloading 0 native plugins for Editor in 0.00 ms.
Unloading 1568 Unused Serialized files (Serialized files now loaded: 0)
System memory in use before: 76.7 MB.
System memory in use after: 76.7 MB.

Unloading 15 unused Assets to reduce memory usage. Loaded Objects now: 2046.
Total: 2.241900 ms (FindLiveObjects: 0.164800 ms CreateObjectMapping: 0.049000 ms MarkObjects: 1.970500 ms  DeleteObjects: 0.056500 ms)

AssetImportParameters requested are different than current active one (requested -> active):
  custom:framework-win-MediaFoundation: 216162199b28c13a410421893ffa2e32 -> 
  custom:video-decoder-ogg-theora: a1e56fd34408186e4bbccfd4996cb3dc -> 
  custom:container-muxer-webm: aa71ff27fc2769a1b78a27578f13a17b -> 
  custom:container-demuxer-webm: 4f35f7cbe854078d1ac9338744f61a02 -> 
  custom:container-demuxer-ogg: 62fdf1f143b41e24485cea50d1cbac27 -> 
  custom:video-encoder-webm-vp8: eb34c28f22e8b96e1ab97ce403110664 -> 
  custom:video-codec-MediaFoundation-h265: 746d11721c4dcdbdad8f713fa42b33f4 -> 
  custom:video-decoder-webm-vp8: 9c59270c3fd7afecdb556c50c9e8de78 -> 
  custom:audio-decoder-ogg-vorbis: bf7c407c2cedff20999df2af8eb42d56 -> 
  custom:audio-encoder-webm-vorbis: bf7c407c2cedff20999df2af8eb42d56 -> 
========================================================================
Received Prepare
Registering precompiled user dll's ...
Registered in 0.006935 seconds.
Begin MonoManager ReloadAssembly
Native extension for WindowsStandalone target not found
Native extension for WebGL target not found
Refreshing native plugins compatible for Editor in 0.34 ms, found 2 plugins.
Preloading 0 native plugins for Editor in 0.00 ms.
Mono: successfully reloaded assembly
- Completed reload, in  1.087 seconds
Platform modules already initialized, skipping
Refreshing native plugins compatible for Editor in 0.32 ms, found 2 plugins.
Preloading 0 native plugins for Editor in 0.00 ms.
Unloading 1568 Unused Serialized files (Serialized files now loaded: 0)
System memory in use before: 76.7 MB.
System memory in use after: 76.7 MB.

Unloading 15 unused Assets to reduce memory usage. Loaded Objects now: 2049.
Total: 2.437700 ms (FindLiveObjects: 0.274800 ms CreateObjectMapping: 0.065300 ms MarkObjects: 2.008000 ms  DeleteObjects: 0.086500 ms)

AssetImportParameters requested are different than current active one (requested -> active):
  custom:framework-win-MediaFoundation: 216162199b28c13a410421893ffa2e32 -> 
  custom:video-decoder-ogg-theora: a1e56fd34408186e4bbccfd4996cb3dc -> 
  custom:container-muxer-webm: aa71ff27fc2769a1b78a27578f13a17b -> 
  custom:container-demuxer-webm: 4f35f7cbe854078d1ac9338744f61a02 -> 
  custom:container-demuxer-ogg: 62fdf1f143b41e24485cea50d1cbac27 -> 
  custom:video-encoder-webm-vp8: eb34c28f22e8b96e1ab97ce403110664 -> 
  custom:video-codec-MediaFoundation-h265: 746d11721c4dcdbdad8f713fa42b33f4 -> 
  custom:video-decoder-webm-vp8: 9c59270c3fd7afecdb556c50c9e8de78 -> 
  custom:audio-decoder-ogg-vorbis: bf7c407c2cedff20999df2af8eb42d56 -> 
  custom:audio-encoder-webm-vorbis: bf7c407c2cedff20999df2af8eb42d56 -> 
========================================================================
Received Prepare
Registering precompiled user dll's ...
Registered in 0.009401 seconds.
Begin MonoManager ReloadAssembly
Native extension for WindowsStandalone target not found
Native extension for WebGL target not found
Refreshing native plugins compatible for Editor in 0.36 ms, found 2 plugins.
Preloading 0 native plugins for Editor in 0.00 ms.
Mono: successfully reloaded assembly
- Completed reload, in  1.140 seconds
Platform modules already initialized, skipping
Refreshing native plugins compatible for Editor in 0.32 ms, found 2 plugins.
Preloading 0 native plugins for Editor in 0.00 ms.
Unloading 1568 Unused Serialized files (Serialized files now loaded: 0)
System memory in use before: 76.7 MB.
System memory in use after: 76.8 MB.

Unloading 15 unused Assets to reduce memory usage. Loaded Objects now: 2052.
Total: 2.292300 ms (FindLiveObjects: 0.202300 ms CreateObjectMapping: 0.057000 ms MarkObjects: 1.975600 ms  DeleteObjects: 0.056200 ms)

AssetImportParameters requested are different than current active one (requested -> active):
  custom:framework-win-MediaFoundation: 216162199b28c13a410421893ffa2e32 -> 
  custom:video-decoder-ogg-theora: a1e56fd34408186e4bbccfd4996cb3dc -> 
  custom:container-muxer-webm: aa71ff27fc2769a1b78a27578f13a17b -> 
  custom:container-demuxer-webm: 4f35f7cbe854078d1ac9338744f61a02 -> 
  custom:container-demuxer-ogg: 62fdf1f143b41e24485cea50d1cbac27 -> 
  custom:video-encoder-webm-vp8: eb34c28f22e8b96e1ab97ce403110664 -> 
  custom:video-codec-MediaFoundation-h265: 746d11721c4dcdbdad8f713fa42b33f4 -> 
  custom:video-decoder-webm-vp8: 9c59270c3fd7afecdb556c50c9e8de78 -> 
  custom:audio-decoder-ogg-vorbis: bf7c407c2cedff20999df2af8eb42d56 -> 
  custom:audio-encoder-webm-vorbis: bf7c407c2cedff20999df2af8eb42d56 -> 
========================================================================
Received Import Request.
  Time since last request: 4545.987927 seconds.
  path: Assets/Script/Player.cs
  artifactKey: Guid(bf777cf8867a97b4a921754f73f505ac) Importer(815301076,1909f56bfc062723c751e8b465ee728b)
Start importing Assets/Script/Player.cs using Guid(bf777cf8867a97b4a921754f73f505ac) Importer(815301076,1909f56bfc062723c751e8b465ee728b)  -> (artifact id: '173c8d25e0f321f1442af9b3272156ec') in 0.016856 seconds 
  Import took 0.054291 seconds .

========================================================================
Received Import Request.
  Time since last request: 0.171158 seconds.
  path: Assets/Script/Player.cs
  artifactKey: Guid(bf777cf8867a97b4a921754f73f505ac) Importer(815301076,1909f56bfc062723c751e8b465ee728b)
Start importing Assets/Script/Player.cs using Guid(bf777cf8867a97b4a921754f73f505ac) Importer(815301076,1909f56bfc062723c751e8b465ee728b)  -> (artifact id: '173c8d25e0f321f1442af9b3272156ec') in 0.009713 seconds 
  Import took 0.014618 seconds .

========================================================================
Received Prepare
Registering precompiled user dll's ...
Registered in 0.009052 seconds.
Begin MonoManager ReloadAssembly
Native extension for WindowsStandalone target not found
Native extension for WebGL target not found
Refreshing native plugins compatible for Editor in 0.32 ms, found 2 plugins.
Preloading 0 native plugins for Editor in 0.00 ms.
Mono: successfully reloaded assembly
- Completed reload, in  1.151 seconds
Platform modules already initialized, skipping
Refreshing native plugins compatible for Editor in 0.49 ms, found 2 plugins.
Preloading 0 native plugins for Editor in 0.00 ms.
Unloading 1568 Unused Serialized files (Serialized files now loaded: 0)
System memory in use before: 76.7 MB.
System memory in use after: 76.8 MB.

Unloading 15 unused Assets to reduce memory usage. Loaded Objects now: 2055.
Total: 2.243900 ms (FindLiveObjects: 0.167400 ms CreateObjectMapping: 0.048900 ms MarkObjects: 1.972600 ms  DeleteObjects: 0.054000 ms)

AssetImportParameters requested are different than current active one (requested -> active):
  custom:framework-win-MediaFoundation: 216162199b28c13a410421893ffa2e32 -> 
  custom:video-decoder-ogg-theora: a1e56fd34408186e4bbccfd4996cb3dc -> 
  custom:container-muxer-webm: aa71ff27fc2769a1b78a27578f13a17b -> 
  custom:container-demuxer-webm: 4f35f7cbe854078d1ac9338744f61a02 -> 
  custom:container-demuxer-ogg: 62fdf1f143b41e24485cea50d1cbac27 -> 
  custom:video-encoder-webm-vp8: eb34c28f22e8b96e1ab97ce403110664 -> 
  custom:video-codec-MediaFoundation-h265: 746d11721c4dcdbdad8f713fa42b33f4 -> 
  custom:video-decoder-webm-vp8: 9c59270c3fd7afecdb556c50c9e8de78 -> 
  custom:audio-decoder-ogg-vorbis: bf7c407c2cedff20999df2af8eb42d56 -> 
  custom:audio-encoder-webm-vorbis: bf7c407c2cedff20999df2af8eb42d56 -> 
========================================================================
Received Import Request.
  Time since last request: 459.031276 seconds.
  path: Assets/Script/Player.cs
  artifactKey: Guid(bf777cf8867a97b4a921754f73f505ac) Importer(815301076,1909f56bfc062723c751e8b465ee728b)
Start importing Assets/Script/Player.cs using Guid(bf777cf8867a97b4a921754f73f505ac) Importer(815301076,1909f56bfc062723c751e8b465ee728b)  -> (artifact id: '978e5e427257cdb414f69d54b4bb0c8e') in 0.010515 seconds 
  Import took 0.013161 seconds .

========================================================================
Received Prepare
Registering precompiled user dll's ...
Registered in 0.007195 seconds.
Begin MonoManager ReloadAssembly
Native extension for WindowsStandalone target not found
Native extension for WebGL target not found
Refreshing native plugins compatible for Editor in 0.34 ms, found 2 plugins.
Preloading 0 native plugins for Editor in 0.00 ms.
Mono: successfully reloaded assembly
- Completed reload, in  1.140 seconds
Platform modules already initialized, skipping
Refreshing native plugins compatible for Editor in 0.32 ms, found 2 plugins.
Preloading 0 native plugins for Editor in 0.00 ms.
Unloading 1568 Unused Serialized files (Serialized files now loaded: 0)
System memory in use before: 76.7 MB.
System memory in use after: 76.8 MB.

Unloading 15 unused Assets to reduce memory usage. Loaded Objects now: 2058.
Total: 2.093900 ms (FindLiveObjects: 0.170300 ms CreateObjectMapping: 0.049600 ms MarkObjects: 1.817100 ms  DeleteObjects: 0.055900 ms)

AssetImportParameters requested are different than current active one (requested -> active):
  custom:framework-win-MediaFoundation: 216162199b28c13a410421893ffa2e32 -> 
  custom:video-decoder-ogg-theora: a1e56fd34408186e4bbccfd4996cb3dc -> 
  custom:container-muxer-webm: aa71ff27fc2769a1b78a27578f13a17b -> 
  custom:container-demuxer-webm: 4f35f7cbe854078d1ac9338744f61a02 -> 
  custom:container-demuxer-ogg: 62fdf1f143b41e24485cea50d1cbac27 -> 
  custom:video-encoder-webm-vp8: eb34c28f22e8b96e1ab97ce403110664 -> 
  custom:video-codec-MediaFoundation-h265: 746d11721c4dcdbdad8f713fa42b33f4 -> 
  custom:video-decoder-webm-vp8: 9c59270c3fd7afecdb556c50c9e8de78 -> 
  custom:audio-decoder-ogg-vorbis: bf7c407c2cedff20999df2af8eb42d56 -> 
  custom:audio-encoder-webm-vorbis: bf7c407c2cedff20999df2af8eb42d56 -> 
========================================================================
Received Import Request.
  Time since last request: 79.593825 seconds.
  path: Assets/Animation/player_run.anim
  artifactKey: Guid(99df6c5e815283741a62a2cd207b7e1d) Importer(815301076,1909f56bfc062723c751e8b465ee728b)
Start importing Assets/Animation/player_run.anim using Guid(99df6c5e815283741a62a2cd207b7e1d) Importer(815301076,1909f56bfc062723c751e8b465ee728b)  -> (artifact id: 'ef4bde9df63a5b80f4d378c0ddd510ac') in 0.020478 seconds 
  Import took 0.024211 seconds .

========================================================================
Received Import Request.
  Time since last request: 434.101065 seconds.
  path: Assets/Animation/player_down.anim
  artifactKey: Guid(6bbdbd29ed045a14ca6846cad38a704d) Importer(815301076,1909f56bfc062723c751e8b465ee728b)
Start importing Assets/Animation/player_down.anim using Guid(6bbdbd29ed045a14ca6846cad38a704d) Importer(815301076,1909f56bfc062723c751e8b465ee728b)  -> (artifact id: '9d54bbf74a058e02dcb93556a643c2ed') in 0.013236 seconds 
  Import took 0.047109 seconds .

========================================================================
Received Prepare
Registering precompiled user dll's ...
Registered in 0.008715 seconds.
Begin MonoManager ReloadAssembly
Native extension for WindowsStandalone target not found
Native extension for WebGL target not found
Refreshing native plugins compatible for Editor in 0.33 ms, found 2 plugins.
Preloading 0 native plugins for Editor in 0.00 ms.
Mono: successfully reloaded assembly
- Completed reload, in  1.152 seconds
Platform modules already initialized, skipping
Refreshing native plugins compatible for Editor in 0.46 ms, found 2 plugins.
Preloading 0 native plugins for Editor in 0.00 ms.
Unloading 1568 Unused Serialized files (Serialized files now loaded: 0)
System memory in use before: 76.7 MB.
System memory in use after: 76.8 MB.

Unloading 15 unused Assets to reduce memory usage. Loaded Objects now: 2061.
Total: 3.588400 ms (FindLiveObjects: 0.283400 ms CreateObjectMapping: 0.104600 ms MarkObjects: 3.124000 ms  DeleteObjects: 0.074700 ms)

AssetImportParameters requested are different than current active one (requested -> active):
  custom:framework-win-MediaFoundation: 216162199b28c13a410421893ffa2e32 -> 
  custom:video-decoder-ogg-theora: a1e56fd34408186e4bbccfd4996cb3dc -> 
  custom:container-muxer-webm: aa71ff27fc2769a1b78a27578f13a17b -> 
  custom:container-demuxer-webm: 4f35f7cbe854078d1ac9338744f61a02 -> 
  custom:container-demuxer-ogg: 62fdf1f143b41e24485cea50d1cbac27 -> 
  custom:video-encoder-webm-vp8: eb34c28f22e8b96e1ab97ce403110664 -> 
  custom:video-codec-MediaFoundation-h265: 746d11721c4dcdbdad8f713fa42b33f4 -> 
  custom:video-decoder-webm-vp8: 9c59270c3fd7afecdb556c50c9e8de78 -> 
  custom:audio-decoder-ogg-vorbis: bf7c407c2cedff20999df2af8eb42d56 -> 
  custom:audio-encoder-webm-vorbis: bf7c407c2cedff20999df2af8eb42d56 -> 
========================================================================
Received Prepare
Registering precompiled user dll's ...
Registered in 0.006838 seconds.
Begin MonoManager ReloadAssembly
Native extension for WindowsStandalone target not found
Native extension for WebGL target not found
Refreshing native plugins compatible for Editor in 0.32 ms, found 2 plugins.
Preloading 0 native plugins for Editor in 0.00 ms.
Mono: successfully reloaded assembly
- Completed reload, in  1.152 seconds
Platform modules already initialized, skipping
Refreshing native plugins compatible for Editor in 0.31 ms, found 2 plugins.
Preloading 0 native plugins for Editor in 0.00 ms.
Unloading 1568 Unused Serialized files (Serialized files now loaded: 0)
System memory in use before: 76.7 MB.
System memory in use after: 76.8 MB.

Unloading 15 unused Assets to reduce memory usage. Loaded Objects now: 2064.
Total: 2.214100 ms (FindLiveObjects: 0.178200 ms CreateObjectMapping: 0.072700 ms MarkObjects: 1.908000 ms  DeleteObjects: 0.053700 ms)

AssetImportParameters requested are different than current active one (requested -> active):
  custom:framework-win-MediaFoundation: 216162199b28c13a410421893ffa2e32 -> 
  custom:video-decoder-ogg-theora: a1e56fd34408186e4bbccfd4996cb3dc -> 
  custom:container-muxer-webm: aa71ff27fc2769a1b78a27578f13a17b -> 
  custom:container-demuxer-webm: 4f35f7cbe854078d1ac9338744f61a02 -> 
  custom:container-demuxer-ogg: 62fdf1f143b41e24485cea50d1cbac27 -> 
  custom:video-encoder-webm-vp8: eb34c28f22e8b96e1ab97ce403110664 -> 
  custom:video-codec-MediaFoundation-h265: 746d11721c4dcdbdad8f713fa42b33f4 -> 
  custom:video-decoder-webm-vp8: 9c59270c3fd7afecdb556c50c9e8de78 -> 
  custom:audio-decoder-ogg-vorbis: bf7c407c2cedff20999df2af8eb42d56 -> 
  custom:audio-encoder-webm-vorbis: bf7c407c2cedff20999df2af8eb42d56 -> 
========================================================================
Received Prepare
Registering precompiled user dll's ...
Registered in 0.008516 seconds.
Begin MonoManager ReloadAssembly
Native extension for WindowsStandalone target not found
Native extension for WebGL target not found
Refreshing native plugins compatible for Editor in 0.34 ms, found 2 plugins.
Preloading 0 native plugins for Editor in 0.00 ms.
Mono: successfully reloaded assembly
- Completed reload, in  1.382 seconds
Platform modules already initialized, skipping
Refreshing native plugins compatible for Editor in 0.32 ms, found 2 plugins.
Preloading 0 native plugins for Editor in 0.00 ms.
Unloading 1568 Unused Serialized files (Serialized files now loaded: 0)
System memory in use before: 76.7 MB.
System memory in use after: 76.8 MB.

Unloading 15 unused Assets to reduce memory usage. Loaded Objects now: 2067.
Total: 2.203000 ms (FindLiveObjects: 0.171300 ms CreateObjectMapping: 0.051300 ms MarkObjects: 1.923100 ms  DeleteObjects: 0.056000 ms)

AssetImportParameters requested are different than current active one (requested -> active):
  custom:framework-win-MediaFoundation: 216162199b28c13a410421893ffa2e32 -> 
  custom:video-decoder-ogg-theora: a1e56fd34408186e4bbccfd4996cb3dc -> 
  custom:container-muxer-webm: aa71ff27fc2769a1b78a27578f13a17b -> 
  custom:container-demuxer-webm: 4f35f7cbe854078d1ac9338744f61a02 -> 
  custom:container-demuxer-ogg: 62fdf1f143b41e24485cea50d1cbac27 -> 
  custom:video-encoder-webm-vp8: eb34c28f22e8b96e1ab97ce403110664 -> 
  custom:video-codec-MediaFoundation-h265: 746d11721c4dcdbdad8f713fa42b33f4 -> 
  custom:video-decoder-webm-vp8: 9c59270c3fd7afecdb556c50c9e8de78 -> 
  custom:audio-decoder-ogg-vorbis: bf7c407c2cedff20999df2af8eb42d56 -> 
  custom:audio-encoder-webm-vorbis: bf7c407c2cedff20999df2af8eb42d56 -> 
========================================================================
Received Prepare
Registering precompiled user dll's ...
Registered in 0.007145 seconds.
Begin MonoManager ReloadAssembly
Native extension for WindowsStandalone target not found
Native extension for WebGL target not found
Refreshing native plugins compatible for Editor in 0.33 ms, found 2 plugins.
Preloading 0 native plugins for Editor in 0.00 ms.
Mono: successfully reloaded assembly
- Completed reload, in  1.176 seconds
Platform modules already initialized, skipping
Refreshing native plugins compatible for Editor in 0.35 ms, found 2 plugins.
Preloading 0 native plugins for Editor in 0.00 ms.
Unloading 1568 Unused Serialized files (Serialized files now loaded: 0)
System memory in use before: 76.7 MB.
System memory in use after: 76.8 MB.

Unloading 15 unused Assets to reduce memory usage. Loaded Objects now: 2070.
Total: 2.168700 ms (FindLiveObjects: 0.163600 ms CreateObjectMapping: 0.056200 ms MarkObjects: 1.893600 ms  DeleteObjects: 0.054300 ms)

AssetImportParameters requested are different than current active one (requested -> active):
  custom:framework-win-MediaFoundation: 216162199b28c13a410421893ffa2e32 -> 
  custom:video-decoder-ogg-theora: a1e56fd34408186e4bbccfd4996cb3dc -> 
  custom:container-muxer-webm: aa71ff27fc2769a1b78a27578f13a17b -> 
  custom:container-demuxer-webm: 4f35f7cbe854078d1ac9338744f61a02 -> 
  custom:container-demuxer-ogg: 62fdf1f143b41e24485cea50d1cbac27 -> 
  custom:video-encoder-webm-vp8: eb34c28f22e8b96e1ab97ce403110664 -> 
  custom:video-codec-MediaFoundation-h265: 746d11721c4dcdbdad8f713fa42b33f4 -> 
  custom:video-decoder-webm-vp8: 9c59270c3fd7afecdb556c50c9e8de78 -> 
  custom:audio-decoder-ogg-vorbis: bf7c407c2cedff20999df2af8eb42d56 -> 
  custom:audio-encoder-webm-vorbis: bf7c407c2cedff20999df2af8eb42d56 -> 
========================================================================
Received Prepare
Registering precompiled user dll's ...
Registered in 0.006887 seconds.
Begin MonoManager ReloadAssembly
Native extension for WindowsStandalone target not found
Native extension for WebGL target not found
Refreshing native plugins compatible for Editor in 0.35 ms, found 2 plugins.
Preloading 0 native plugins for Editor in 0.00 ms.
Mono: successfully reloaded assembly
- Completed reload, in  1.159 seconds
Platform modules already initialized, skipping
Refreshing native plugins compatible for Editor in 0.32 ms, found 2 plugins.
Preloading 0 native plugins for Editor in 0.00 ms.
Unloading 1568 Unused Serialized files (Serialized files now loaded: 0)
System memory in use before: 76.7 MB.
System memory in use after: 76.8 MB.

Unloading 15 unused Assets to reduce memory usage. Loaded Objects now: 2073.
Total: 2.667500 ms (FindLiveObjects: 0.279500 ms CreateObjectMapping: 0.108700 ms MarkObjects: 2.202800 ms  DeleteObjects: 0.074700 ms)

AssetImportParameters requested are different than current active one (requested -> active):
  custom:framework-win-MediaFoundation: 216162199b28c13a410421893ffa2e32 -> 
  custom:video-decoder-ogg-theora: a1e56fd34408186e4bbccfd4996cb3dc -> 
  custom:container-muxer-webm: aa71ff27fc2769a1b78a27578f13a17b -> 
  custom:container-demuxer-webm: 4f35f7cbe854078d1ac9338744f61a02 -> 
  custom:container-demuxer-ogg: 62fdf1f143b41e24485cea50d1cbac27 -> 
  custom:video-encoder-webm-vp8: eb34c28f22e8b96e1ab97ce403110664 -> 
  custom:video-codec-MediaFoundation-h265: 746d11721c4dcdbdad8f713fa42b33f4 -> 
  custom:video-decoder-webm-vp8: 9c59270c3fd7afecdb556c50c9e8de78 -> 
  custom:audio-decoder-ogg-vorbis: bf7c407c2cedff20999df2af8eb42d56 -> 
  custom:audio-encoder-webm-vorbis: bf7c407c2cedff20999df2af8eb42d56 -> 
========================================================================
Received Import Request.
  Time since last request: 2714.881450 seconds.
  path: Assets/Script/ObjectCollision.cs
  artifactKey: Guid(b5125a3790054ea41a1720e849561291) Importer(815301076,1909f56bfc062723c751e8b465ee728b)
Start importing Assets/Script/ObjectCollision.cs using Guid(b5125a3790054ea41a1720e849561291) Importer(815301076,1909f56bfc062723c751e8b465ee728b)  -> (artifact id: '8e4e783cd93892abfee1986da7652d52') in 0.017446 seconds 
  Import took 0.042820 seconds .

========================================================================
Received Import Request.
  Time since last request: 0.007964 seconds.
  path: Assets/Script/ObjectCollision.cs
  artifactKey: Guid(b5125a3790054ea41a1720e849561291) Importer(815301076,1909f56bfc062723c751e8b465ee728b)
Start importing Assets/Script/ObjectCollision.cs using Guid(b5125a3790054ea41a1720e849561291) Importer(815301076,1909f56bfc062723c751e8b465ee728b)  -> (artifact id: '8e4e783cd93892abfee1986da7652d52') in 0.016898 seconds 
  Import took 0.023256 seconds .

========================================================================
Received Prepare
Registering precompiled user dll's ...
Registered in 0.014407 seconds.
Begin MonoManager ReloadAssembly
Native extension for WindowsStandalone target not found
Native extension for WebGL target not found
Refreshing native plugins compatible for Editor in 0.49 ms, found 2 plugins.
Preloading 0 native plugins for Editor in 0.00 ms.
Mono: successfully reloaded assembly
- Completed reload, in  1.338 seconds
Platform modules already initialized, skipping
Refreshing native plugins compatible for Editor in 0.32 ms, found 2 plugins.
Preloading 0 native plugins for Editor in 0.00 ms.
Unloading 1569 Unused Serialized files (Serialized files now loaded: 0)
System memory in use before: 76.8 MB.
System memory in use after: 76.9 MB.

Unloading 15 unused Assets to reduce memory usage. Loaded Objects now: 2077.
Total: 2.330300 ms (FindLiveObjects: 0.169300 ms CreateObjectMapping: 0.047300 ms MarkObjects: 1.946500 ms  DeleteObjects: 0.166100 ms)

AssetImportParameters requested are different than current active one (requested -> active):
  custom:framework-win-MediaFoundation: 216162199b28c13a410421893ffa2e32 -> 
  custom:video-decoder-ogg-theora: a1e56fd34408186e4bbccfd4996cb3dc -> 
  custom:container-muxer-webm: aa71ff27fc2769a1b78a27578f13a17b -> 
  custom:container-demuxer-webm: 4f35f7cbe854078d1ac9338744f61a02 -> 
  custom:container-demuxer-ogg: 62fdf1f143b41e24485cea50d1cbac27 -> 
  custom:video-encoder-webm-vp8: eb34c28f22e8b96e1ab97ce403110664 -> 
  custom:video-codec-MediaFoundation-h265: 746d11721c4dcdbdad8f713fa42b33f4 -> 
  custom:video-decoder-webm-vp8: 9c59270c3fd7afecdb556c50c9e8de78 -> 
  custom:audio-decoder-ogg-vorbis: bf7c407c2cedff20999df2af8eb42d56 -> 
  custom:audio-encoder-webm-vorbis: bf7c407c2cedff20999df2af8eb42d56 -> 
========================================================================
Received Prepare
Registering precompiled user dll's ...
Registered in 0.007287 seconds.
Begin MonoManager ReloadAssembly
Native extension for WindowsStandalone target not found
Native extension for WebGL target not found
Refreshing native plugins compatible for Editor in 1.02 ms, found 2 plugins.
Preloading 0 native plugins for Editor in 0.00 ms.
Mono: successfully reloaded assembly
- Completed reload, in  1.294 seconds
Platform modules already initialized, skipping
Refreshing native plugins compatible for Editor in 0.31 ms, found 2 plugins.
Preloading 0 native plugins for Editor in 0.00 ms.
Unloading 1569 Unused Serialized files (Serialized files now loaded: 0)
System memory in use before: 76.8 MB.
System memory in use after: 76.9 MB.

Unloading 15 unused Assets to reduce memory usage. Loaded Objects now: 2080.
Total: 2.279000 ms (FindLiveObjects: 0.170700 ms CreateObjectMapping: 0.048100 ms MarkObjects: 2.002500 ms  DeleteObjects: 0.056200 ms)

AssetImportParameters requested are different than current active one (requested -> active):
  custom:framework-win-MediaFoundation: 216162199b28c13a410421893ffa2e32 -> 
  custom:video-decoder-ogg-theora: a1e56fd34408186e4bbccfd4996cb3dc -> 
  custom:container-muxer-webm: aa71ff27fc2769a1b78a27578f13a17b -> 
  custom:container-demuxer-webm: 4f35f7cbe854078d1ac9338744f61a02 -> 
  custom:container-demuxer-ogg: 62fdf1f143b41e24485cea50d1cbac27 -> 
  custom:video-encoder-webm-vp8: eb34c28f22e8b96e1ab97ce403110664 -> 
  custom:video-codec-MediaFoundation-h265: 746d11721c4dcdbdad8f713fa42b33f4 -> 
  custom:video-decoder-webm-vp8: 9c59270c3fd7afecdb556c50c9e8de78 -> 
  custom:audio-decoder-ogg-vorbis: bf7c407c2cedff20999df2af8eb42d56 -> 
  custom:audio-encoder-webm-vorbis: bf7c407c2cedff20999df2af8eb42d56 -> 
========================================================================
Received Import Request.
  Time since last request: 316.899245 seconds.
  path: Assets/Script/ObjectCollision.cs
  artifactKey: Guid(b5125a3790054ea41a1720e849561291) Importer(815301076,1909f56bfc062723c751e8b465ee728b)
Start importing Assets/Script/ObjectCollision.cs using Guid(b5125a3790054ea41a1720e849561291) Importer(815301076,1909f56bfc062723c751e8b465ee728b)  -> (artifact id: 'e9b596d44596b2db90f5436bed455862') in 0.007812 seconds 
  Import took 0.010290 seconds .

========================================================================
Received Prepare
Registering precompiled user dll's ...
Registered in 0.011668 seconds.
Begin MonoManager ReloadAssembly
Native extension for WindowsStandalone target not found
Native extension for WebGL target not found
Refreshing native plugins compatible for Editor in 0.32 ms, found 2 plugins.
Preloading 0 native plugins for Editor in 0.00 ms.
Mono: successfully reloaded assembly
- Completed reload, in  1.341 seconds
Platform modules already initialized, skipping
Refreshing native plugins compatible for Editor in 0.32 ms, found 2 plugins.
Preloading 0 native plugins for Editor in 0.00 ms.
Unloading 1569 Unused Serialized files (Serialized files now loaded: 0)
System memory in use before: 76.8 MB.
System memory in use after: 76.9 MB.

Unloading 15 unused Assets to reduce memory usage. Loaded Objects now: 2083.
Total: 2.315000 ms (FindLiveObjects: 0.176500 ms CreateObjectMapping: 0.056000 ms MarkObjects: 2.017700 ms  DeleteObjects: 0.063800 ms)

AssetImportParameters requested are different than current active one (requested -> active):
  custom:framework-win-MediaFoundation: 216162199b28c13a410421893ffa2e32 -> 
  custom:video-decoder-ogg-theora: a1e56fd34408186e4bbccfd4996cb3dc -> 
  custom:container-muxer-webm: aa71ff27fc2769a1b78a27578f13a17b -> 
  custom:container-demuxer-webm: 4f35f7cbe854078d1ac9338744f61a02 -> 
  custom:container-demuxer-ogg: 62fdf1f143b41e24485cea50d1cbac27 -> 
  custom:video-encoder-webm-vp8: eb34c28f22e8b96e1ab97ce403110664 -> 
  custom:video-codec-MediaFoundation-h265: 746d11721c4dcdbdad8f713fa42b33f4 -> 
  custom:video-decoder-webm-vp8: 9c59270c3fd7afecdb556c50c9e8de78 -> 
  custom:audio-decoder-ogg-vorbis: bf7c407c2cedff20999df2af8eb42d56 -> 
  custom:audio-encoder-webm-vorbis: bf7c407c2cedff20999df2af8eb42d56 -> 
========================================================================
Received Prepare
Registering precompiled user dll's ...
Registered in 0.013175 seconds.
Begin MonoManager ReloadAssembly
Native extension for WindowsStandalone target not found
Native extension for WebGL target not found
Refreshing native plugins compatible for Editor in 0.36 ms, found 2 plugins.
Preloading 0 native plugins for Editor in 0.00 ms.
Mono: successfully reloaded assembly
- Completed reload, in  1.160 seconds
Platform modules already initialized, skipping
Refreshing native plugins compatible for Editor in 0.56 ms, found 2 plugins.
Preloading 0 native plugins for Editor in 0.00 ms.
Unloading 1569 Unused Serialized files (Serialized files now loaded: 0)
System memory in use before: 76.8 MB.
System memory in use after: 76.9 MB.

Unloading 15 unused Assets to reduce memory usage. Loaded Objects now: 2086.
Total: 2.181900 ms (FindLiveObjects: 0.204000 ms CreateObjectMapping: 0.060600 ms MarkObjects: 1.852100 ms  DeleteObjects: 0.063500 ms)

AssetImportParameters requested are different than current active one (requested -> active):
  custom:framework-win-MediaFoundation: 216162199b28c13a410421893ffa2e32 -> 
  custom:video-decoder-ogg-theora: a1e56fd34408186e4bbccfd4996cb3dc -> 
  custom:container-muxer-webm: aa71ff27fc2769a1b78a27578f13a17b -> 
  custom:container-demuxer-webm: 4f35f7cbe854078d1ac9338744f61a02 -> 
  custom:container-demuxer-ogg: 62fdf1f143b41e24485cea50d1cbac27 -> 
  custom:video-encoder-webm-vp8: eb34c28f22e8b96e1ab97ce403110664 -> 
  custom:video-codec-MediaFoundation-h265: 746d11721c4dcdbdad8f713fa42b33f4 -> 
  custom:video-decoder-webm-vp8: 9c59270c3fd7afecdb556c50c9e8de78 -> 
  custom:audio-decoder-ogg-vorbis: bf7c407c2cedff20999df2af8eb42d56 -> 
  custom:audio-encoder-webm-vorbis: bf7c407c2cedff20999df2af8eb42d56 -> 
========================================================================
Received Prepare
Registering precompiled user dll's ...
Registered in 0.022722 seconds.
Begin MonoManager ReloadAssembly
Native extension for WindowsStandalone target not found
Native extension for WebGL target not found
Refreshing native plugins compatible for Editor in 0.60 ms, found 2 plugins.
Preloading 0 native plugins for Editor in 0.00 ms.
Mono: successfully reloaded assembly
- Completed reload, in  1.219 seconds
Platform modules already initialized, skipping
Refreshing native plugins compatible for Editor in 0.46 ms, found 2 plugins.
Preloading 0 native plugins for Editor in 0.00 ms.
Unloading 1569 Unused Serialized files (Serialized files now loaded: 0)
System memory in use before: 76.8 MB.
System memory in use after: 76.9 MB.

Unloading 15 unused Assets to reduce memory usage. Loaded Objects now: 2089.
Total: 2.478500 ms (FindLiveObjects: 0.174700 ms CreateObjectMapping: 0.058100 ms MarkObjects: 2.184600 ms  DeleteObjects: 0.060000 ms)

AssetImportParameters requested are different than current active one (requested -> active):
  custom:framework-win-MediaFoundation: 216162199b28c13a410421893ffa2e32 -> 
  custom:video-decoder-ogg-theora: a1e56fd34408186e4bbccfd4996cb3dc -> 
  custom:container-muxer-webm: aa71ff27fc2769a1b78a27578f13a17b -> 
  custom:container-demuxer-webm: 4f35f7cbe854078d1ac9338744f61a02 -> 
  custom:container-demuxer-ogg: 62fdf1f143b41e24485cea50d1cbac27 -> 
  custom:video-encoder-webm-vp8: eb34c28f22e8b96e1ab97ce403110664 -> 
  custom:video-codec-MediaFoundation-h265: 746d11721c4dcdbdad8f713fa42b33f4 -> 
  custom:video-decoder-webm-vp8: 9c59270c3fd7afecdb556c50c9e8de78 -> 
  custom:audio-decoder-ogg-vorbis: bf7c407c2cedff20999df2af8eb42d56 -> 
  custom:audio-encoder-webm-vorbis: bf7c407c2cedff20999df2af8eb42d56 -> 
========================================================================
Received Prepare
Registering precompiled user dll's ...
Registered in 0.012183 seconds.
Begin MonoManager ReloadAssembly
Native extension for WindowsStandalone target not found
Native extension for WebGL target not found
Refreshing native plugins compatible for Editor in 0.64 ms, found 2 plugins.
Preloading 0 native plugins for Editor in 0.00 ms.
Mono: successfully reloaded assembly
- Completed reload, in  2.673 seconds
Platform modules already initialized, skipping
Refreshing native plugins compatible for Editor in 0.63 ms, found 2 plugins.
Preloading 0 native plugins for Editor in 0.00 ms.
Unloading 1569 Unused Serialized files (Serialized files now loaded: 0)
System memory in use before: 76.8 MB.
System memory in use after: 76.9 MB.

Unloading 15 unused Assets to reduce memory usage. Loaded Objects now: 2092.
Total: 5.176700 ms (FindLiveObjects: 0.324900 ms CreateObjectMapping: 0.138800 ms MarkObjects: 4.586100 ms  DeleteObjects: 0.124500 ms)

AssetImportParameters requested are different than current active one (requested -> active):
  custom:framework-win-MediaFoundation: 216162199b28c13a410421893ffa2e32 -> 
  custom:video-decoder-ogg-theora: a1e56fd34408186e4bbccfd4996cb3dc -> 
  custom:container-muxer-webm: aa71ff27fc2769a1b78a27578f13a17b -> 
  custom:container-demuxer-webm: 4f35f7cbe854078d1ac9338744f61a02 -> 
  custom:container-demuxer-ogg: 62fdf1f143b41e24485cea50d1cbac27 -> 
  custom:video-encoder-webm-vp8: eb34c28f22e8b96e1ab97ce403110664 -> 
  custom:video-codec-MediaFoundation-h265: 746d11721c4dcdbdad8f713fa42b33f4 -> 
  custom:video-decoder-webm-vp8: 9c59270c3fd7afecdb556c50c9e8de78 -> 
  custom:audio-decoder-ogg-vorbis: bf7c407c2cedff20999df2af8eb42d56 -> 
  custom:audio-encoder-webm-vorbis: bf7c407c2cedff20999df2af8eb42d56 -> 
AssetImportWorkerClient::OnTransportError - code=2 error=End of file
